
3 29 
5 13 
1 6 

2 30 
3 26 7 
23 6 
29 



18 21 
25 2 26 
15 
14 
27 24 
18 26 22 
12 17 


12 
17 
7 
16 
13 
17 6 13 
16 

8 1 
5 
Josh 1
Kai 4
Justin 30
Kailey 6
Riley 27
Sam 17
Michael 19
Lamb 23
Alexis 8
Value of Group 1: 86400
9

Jack 2
Ian 14
Jennifer 16
Reavers 25
Value of Group 2: 4536
13

Naomi 12
Jordan 22
Value of Group 3: 100
15

Mayfield 3
Value of Group 4: 11
16

Isabella 5
Value of Group 5: 13
17

Lebron 7
Value of Group 6: 14
18

Alina 9
Value of Group 7: 15
19

Kobe 10
Value of Group 8: 15
20

Jeremy 11
Value of Group 9: 19
21

Baker 13
Value of Group 10: 20
22

Austin 15
Value of Group 11: 20
23

Jared 18
Value of Group 12: 20
24

Jeff 20
Value of Group 13: 23
25

John 21
Value of Group 14: 30
26

Tyler 24
Value of Group 15: 50
27

Goff 26
Value of Group 16: 72
28

Gianna 28
Value of Group 17: 76
29

Clara 29
Value of Group 18: 76
30

[1, 4, 30, 6, 27, 17, 19, 23, 8, 2, 14, 16, 25, 12, 22, 3, 5, 7, 9, 10, 11, 13, 15, 18, 20, 21, 24, 26, 28, 29]
(Josh,76)(Kai,76)(Justin,72)(Kailey,50)(Riley,30)(Sam,23)(Michael,20)(Lamb,20)(Alexis,20)(Jack,19)(Ian,15)(Jennifer,15)(Reavers,14)(Naomi,13)(Jordan,11)(Mayfield,10)(Isabella,10)(Lebron,9)(Alina,9)(Kobe,8)(Jeremy,7)(Baker,6)(Austin,6)(Jared,5)(Jeff,5)(John,4)(Tyler,4)(Goff,3)(Gianna,2)(Clara,1)
[3, 29], [5, 13], [1, 6], [], [2, 30], [3, 26, 7], [23, 6], [29], [], [], [], [18, 21], [25, 2, 26], [15], [14], [27, 24], [18, 26, 22], [12, 17], [], [], [12], [17], [7], [16], [13], [17, 6, 13], [16], [], [8, 1], [5], Quality: 91510
